<?xml version="1.0" encoding="UTF-8"?>
<testsuite name="adapter_Initialize" tests="1" skipped="0" failures="0" errors="0" timestamp="2020-10-11T14:08:33" hostname="DESKTOP-PMGPVGH" time="0.013">
  <properties/>
  <testcase name="test" classname="adapter_Initialize" time="0.013"/>
  <system-out><![CDATA[]]></system-out>
  <system-err><![CDATA[]]></system-err>
</testsuite>
